Build started 22/10/2014 09:29:07.
     1>Project "C:\Users\Sergio\documents\visual studio 2013\Projects\Práctica ROL en c\Práctica ROL en c\Práctica ROL en c.vcxproj" on node 2 (Build target(s)).
     1>ClCompile:
         C:\Program Files (x86)\Microsoft Visual Studio 12.0\VC\bin\CL.exe /c /ZI /nologo /W3 /WX- /Od /Oy- /D WIN32 /D _DEBUG /D _CONSOLE /D _LIB /D _UNICODE /D UNICODE /Gm /EHsc /RTC1 /MDd /GS /fp:precise /Zc:wchar_t /Zc:forScope /Fo"Debug\\" /Fd"Debug\vc120.pdb" /Gd /TC /analyze- /errorReport:prompt Source.c
         Source.c
     1>c:\users\sergio\documents\visual studio 2013\projects\práctica rol en c\práctica rol en c\source.c(5): warning C4013: 'menuDeOpciones' undefined; assuming extern returning int
     1>c:\users\sergio\documents\visual studio 2013\projects\práctica rol en c\práctica rol en c\source.c(6): warning C4013: 'seleccionDeOpcion' undefined; assuming extern returning int
     1>c:\users\sergio\documents\visual studio 2013\projects\práctica rol en c\práctica rol en c\source.c(9): error C2371: 'menuDeOpciones' : redefinition; different basic types
     1>c:\users\sergio\documents\visual studio 2013\projects\práctica rol en c\práctica rol en c\source.c(18): error C2371: 'seleccionDeOpcion' : redefinition; different basic types
     1>c:\users\sergio\documents\visual studio 2013\projects\práctica rol en c\práctica rol en c\source.c(27): warning C4013: 'creacionDelGuerrero' undefined; assuming extern returning int
     1>c:\users\sergio\documents\visual studio 2013\projects\práctica rol en c\práctica rol en c\source.c(40): warning C4013: 'verGuerreros' undefined; assuming extern returning int
     1>c:\users\sergio\documents\visual studio 2013\projects\práctica rol en c\práctica rol en c\source.c(54): warning C4013: 'salirDelJuego' undefined; assuming extern returning int
     1>c:\users\sergio\documents\visual studio 2013\projects\práctica rol en c\práctica rol en c\source.c(65): error C2371: 'creacionDelGuerrero' : redefinition; different basic types
     1>c:\users\sergio\documents\visual studio 2013\projects\práctica rol en c\práctica rol en c\source.c(89): error C2371: 'salirDelJuego' : redefinition; different basic types
     1>c:\users\sergio\documents\visual studio 2013\projects\práctica rol en c\práctica rol en c\source.c(90): warning C4013: 'exit' undefined; assuming extern returning int
     1>c:\users\sergio\documents\visual studio 2013\projects\práctica rol en c\práctica rol en c\source.c(93): error C2371: 'verGuerreros' : redefinition; different basic types
     1>c:\users\sergio\documents\visual studio 2013\projects\práctica rol en c\práctica rol en c\source.c(94): error C2059: syntax error : ')'
     1>Done Building Project "C:\Users\Sergio\documents\visual studio 2013\Projects\Práctica ROL en c\Práctica ROL en c\Práctica ROL en c.vcxproj" (Build target(s)) -- FAILED.

Build FAILED.

Time Elapsed 00:00:00.46
